TN:
SF:C:\Users\Sebastian Velez\Downloads\rias\RIAS front\src\polyfills.ts
FNF:0
FNH:0
LF:0
LH:0
BRF:0
BRH:0
end_of_record
TN:
SF:C:\Users\Sebastian Velez\Downloads\rias\RIAS front\src\test.ts
FN:20,(anonymous_0)
FNF:1
FNH:1
FNDA:1,(anonymous_0)
DA:20,1
DA:23,1
DA:28,1
DA:30,1
DA:32,1
LF:5
LH:5
BRF:0
BRH:0
end_of_record
TN:
SF:C:\Users\Sebastian Velez\Downloads\rias\RIAS front\src\app\app.component.ts
FN:10,AppComponent
FN:13,(anonymous_4)
FNF:2
FNH:2
FNDA:3,AppComponent
FNDA:1,(anonymous_4)
DA:9,1
DA:13,1
DA:15,1
LF:3
LH:3
BRF:0
BRH:0
end_of_record
TN:
SF:C:\Users\Sebastian Velez\Downloads\rias\RIAS front\src\app\layout\adminConfig\adminConfig-routing.module.ts
FN:16,AdminConfigRoutingModule
FNF:1
FNH:0
FNDA:0,AdminConfigRoutingModule
DA:16,1
LF:1
LH:1
BRF:0
BRH:0
end_of_record
TN:
SF:C:\Users\Sebastian Velez\Downloads\rias\RIAS front\src\app\layout\adminConfig\adminConfig.component.ts
FN:13,AdminConfigComponent
FN:21,(anonymous_4)
FN:30,(anonymous_5)
FN:34,(anonymous_6)
FN:37,(anonymous_7)
FN:40,(anonymous_8)
FN:46,(anonymous_9)
FN:50,(anonymous_10)
FN:53,(anonymous_11)
FNF:9
FNH:8
FNDA:6,AdminConfigComponent
FNDA:4,(anonymous_4)
FNDA:1,(anonymous_5)
FNDA:2,(anonymous_6)
FNDA:2,(anonymous_7)
FNDA:0,(anonymous_8)
FNDA:1,(anonymous_9)
FNDA:4,(anonymous_10)
FNDA:4,(anonymous_11)
DA:11,1
DA:13,6
DA:16,6
DA:18,6
DA:21,1
DA:23,3
DA:25,1
DA:26,1
DA:30,1
DA:31,1
DA:34,2
DA:35,2
DA:38,2
DA:39,2
DA:41,0
DA:46,1
DA:47,1
DA:50,4
DA:51,4
DA:54,4
DA:57,12
DA:58,12
DA:59,12
DA:62,4
DA:64,8
DA:68,4
DA:70,8
DA:73,8
DA:75,4
DA:77,12
DA:80,4
DA:86,1
LF:32
LH:31
BRDA:60,0,0,12
BRDA:60,0,1,4
BRDA:60,0,2,4
BRDA:60,0,3,4
BRDA:66,1,0,12
BRDA:66,1,1,4
BRDA:66,1,2,4
BRF:7
BRH:7
end_of_record
TN:
SF:C:\Users\Sebastian Velez\Downloads\rias\RIAS front\src\app\layout\adminConfig\crear\crear.component.ts
FN:34,CrearComponent
FN:61,(anonymous_4)
FN:102,(anonymous_5)
FN:106,(anonymous_6)
FN:110,(anonymous_7)
FN:114,(anonymous_8)
FN:118,(anonymous_9)
FN:122,(anonymous_10)
FN:126,(anonymous_11)
FN:130,(anonymous_12)
FN:134,(anonymous_13)
FN:142,(anonymous_14)
FN:177,(anonymous_15)
FN:185,(anonymous_16)
FN:203,(anonymous_17)
FN:220,(anonymous_18)
FN:228,(anonymous_19)
FN:243,(anonymous_20)
FN:252,(anonymous_21)
FN:267,(anonymous_22)
FN:276,(anonymous_23)
FN:291,(anonymous_24)
FN:300,(anonymous_25)
FN:339,(anonymous_26)
FN:348,(anonymous_27)
FN:358,(anonymous_28)
FN:393,(anonymous_29)
FN:402,(anonymous_30)
FN:414,(anonymous_31)
FN:429,(anonymous_32)
FN:444,(anonymous_33)
FN:452,(anonymous_34)
FN:460,(anonymous_35)
FN:479,(anonymous_36)
FN:494,(anonymous_37)
FN:503,(anonymous_38)
FN:514,(anonymous_39)
FN:602,(anonymous_40)
FN:605,(anonymous_41)
FN:615,(anonymous_42)
FN:618,(anonymous_43)
FN:627,(anonymous_44)
FN:630,(anonymous_45)
FN:640,(anonymous_46)
FN:660,(anonymous_47)
FN:698,(anonymous_48)
FN:718,(anonymous_49)
FN:738,(anonymous_50)
FN:776,(anonymous_51)
FN:786,(anonymous_52)
FN:810,(anonymous_53)
FN:826,(anonymous_54)
FN:864,(anonymous_55)
FN:876,(anonymous_56)
FN:891,(anonymous_57)
FN:908,(anonymous_58)
FN:928,(anonymous_59)
FN:931,(anonymous_60)
FN:1084,(anonymous_61)
FN:1174,(anonymous_62)
FN:1185,(anonymous_63)
FNF:61
FNH:58
FNDA:67,CrearComponent
FNDA:3,(anonymous_4)
FNDA:131,(anonymous_5)
FNDA:14,(anonymous_6)
FNDA:153,(anonymous_7)
FNDA:106,(anonymous_8)
FNDA:145,(anonymous_9)
FNDA:92,(anonymous_10)
FNDA:89,(anonymous_11)
FNDA:25,(anonymous_12)
FNDA:1,(anonymous_13)
FNDA:11,(anonymous_14)
FNDA:2,(anonymous_15)
FNDA:14,(anonymous_16)
FNDA:13,(anonymous_17)
FNDA:2,(anonymous_18)
FNDA:4,(anonymous_19)
FNDA:2,(anonymous_20)
FNDA:6,(anonymous_21)
FNDA:2,(anonymous_22)
FNDA:6,(anonymous_23)
FNDA:2,(anonymous_24)
FNDA:8,(anonymous_25)
FNDA:2,(anonymous_26)
FNDA:17,(anonymous_27)
FNDA:12,(anonymous_28)
FNDA:2,(anonymous_29)
FNDA:3,(anonymous_30)
FNDA:3,(anonymous_31)
FNDA:31,(anonymous_32)
FNDA:2,(anonymous_33)
FNDA:2,(anonymous_34)
FNDA:10,(anonymous_35)
FNDA:3,(anonymous_36)
FNDA:2,(anonymous_37)
FNDA:2,(anonymous_38)
FNDA:3,(anonymous_39)
FNDA:1,(anonymous_40)
FNDA:0,(anonymous_41)
FNDA:1,(anonymous_42)
FNDA:0,(anonymous_43)
FNDA:1,(anonymous_44)
FNDA:0,(anonymous_45)
FNDA:5,(anonymous_46)
FNDA:5,(anonymous_47)
FNDA:8,(anonymous_48)
FNDA:8,(anonymous_49)
FNDA:5,(anonymous_50)
FNDA:4,(anonymous_51)
FNDA:5,(anonymous_52)
FNDA:4,(anonymous_53)
FNDA:5,(anonymous_54)
FNDA:10,(anonymous_55)
FNDA:10,(anonymous_56)
FNDA:10,(anonymous_57)
FNDA:25,(anonymous_58)
FNDA:3,(anonymous_59)
FNDA:3,(anonymous_60)
FNDA:19,(anonymous_61)
FNDA:2,(anonymous_62)
FNDA:1,(anonymous_63)
DA:11,1
DA:22,67
DA:23,67
DA:34,67
DA:35,67
DA:61,1
DA:62,3
DA:63,3
DA:64,3
DA:65,3
DA:66,3
DA:67,3
DA:68,3
DA:69,3
DA:71,2
DA:73,0
DA:74,0
DA:75,0
DA:78,0
DA:79,0
DA:80,0
DA:83,0
DA:84,0
DA:85,0
DA:86,0
DA:89,0
DA:90,0
DA:91,0
DA:92,0
DA:94,0
DA:97,1
DA:98,1
DA:103,131
DA:107,14
DA:111,153
DA:115,106
DA:119,145
DA:123,92
DA:127,89
DA:131,25
DA:135,1
DA:142,1
DA:143,11
DA:144,11
DA:145,11
DA:146,11
DA:171,11
DA:173,11
DA:174,11
DA:177,1
DA:179,1
DA:181,1
DA:185,1
DA:186,14
DA:203,1
DA:205,13
DA:217,13
DA:220,1
DA:222,1
DA:224,1
DA:228,1
DA:229,4
DA:230,4
DA:231,4
DA:240,4
DA:243,1
DA:244,2
DA:246,1
DA:248,1
DA:252,1
DA:253,6
DA:254,6
DA:255,6
DA:256,6
DA:267,1
DA:268,2
DA:270,1
DA:272,1
DA:276,1
DA:277,6
DA:278,6
DA:279,6
DA:280,6
DA:291,1
DA:292,2
DA:294,1
DA:296,1
DA:300,1
DA:301,8
DA:302,8
DA:303,8
DA:304,8
DA:330,8
DA:331,8
DA:332,8
DA:333,8
DA:335,8
DA:336,8
DA:339,1
DA:340,2
DA:342,1
DA:344,1
DA:348,1
DA:349,17
DA:358,1
DA:359,12
DA:360,12
DA:361,12
DA:362,12
DA:387,12
DA:389,12
DA:390,12
DA:393,1
DA:394,2
DA:396,1
DA:398,1
DA:402,1
DA:403,3
DA:414,1
DA:415,3
DA:429,1
DA:430,31
DA:444,1
DA:446,1
DA:448,1
DA:452,1
DA:454,1
DA:456,1
DA:460,1
DA:461,10
DA:462,10
DA:463,10
DA:464,10
DA:479,1
DA:480,3
DA:494,1
DA:495,2
DA:497,1
DA:499,1
DA:503,1
DA:505,1
DA:507,1
DA:514,3
DA:516,1
DA:517,1
DA:519,3
DA:525,2
DA:526,2
DA:538,2
DA:539,2
DA:551,2
DA:552,2
DA:564,2
DA:565,2
DA:577,2
DA:578,2
DA:590,2
DA:591,2
DA:599,1
DA:600,1
DA:603,1
DA:604,1
DA:606,0
DA:612,1
DA:613,1
DA:616,1
DA:617,1
DA:619,0
DA:625,1
DA:628,1
DA:629,1
DA:631,0
DA:640,1
DA:643,1
DA:644,1
DA:646,4
DA:648,5
DA:657,5
DA:660,1
DA:663,5
DA:666,1
DA:667,1
DA:669,4
DA:671,5
DA:698,1
DA:699,8
DA:702,1
DA:703,1
DA:705,7
DA:707,8
DA:718,1
DA:719,8
DA:722,1
DA:723,1
DA:725,7
DA:727,8
DA:738,1
DA:741,5
DA:744,1
DA:745,1
DA:747,4
DA:749,5
DA:776,1
DA:777,4
DA:786,1
DA:787,5
DA:790,1
DA:791,1
DA:793,4
DA:795,5
DA:810,1
DA:812,4
DA:826,1
DA:829,5
DA:832,1
DA:833,1
DA:835,4
DA:837,5
DA:864,1
DA:865,10
DA:876,1
DA:877,10
DA:891,1
DA:893,10
DA:908,1
DA:909,25
DA:928,3
DA:929,3
DA:932,3
DA:933,3
DA:934,3
DA:935,3
DA:937,3
DA:938,3
DA:939,3
DA:940,3
DA:941,3
DA:942,3
DA:943,3
DA:944,3
DA:945,3
DA:946,3
DA:947,3
DA:948,3
DA:949,3
DA:951,3
DA:952,3
DA:957,3
DA:961,3
DA:966,3
DA:972,3
DA:978,3
DA:982,6
DA:983,6
DA:986,3
DA:992,6
DA:993,6
DA:996,3
DA:1002,3
DA:1003,3
DA:1008,3
DA:1011,3
DA:1015,3
DA:1020,3
DA:1026,3
DA:1032,3
DA:1033,3
DA:1038,3
DA:1042,3
DA:1047,3
DA:1053,3
DA:1059,3
DA:1060,3
DA:1062,3
DA:1068,3
DA:1073,3
DA:1075,1
DA:1084,1
DA:1089,5
DA:1091,1
DA:1092,1
DA:1093,1
DA:1103,7
DA:1105,1
DA:1106,1
DA:1107,1
DA:1117,4
DA:1119,1
DA:1120,1
DA:1121,1
DA:1131,3
DA:1133,1
DA:1134,1
DA:1135,1
DA:1145,1
DA:1147,1
DA:1148,1
DA:1149,1
DA:1159,2
DA:1161,1
DA:1162,1
DA:1163,1
DA:1174,1
DA:1176,1
DA:1178,1
DA:1185,1
DA:1186,1
DA:1187,1
DA:1188,1
DA:1189,1
DA:1192,1
LF:311
LH:293
BRDA:178,0,0,2
BRDA:178,0,1,1
BRDA:221,1,0,2
BRDA:221,1,1,1
BRDA:245,2,0,2
BRDA:245,2,1,1
BRDA:269,3,0,2
BRDA:269,3,1,1
BRDA:293,4,0,2
BRDA:293,4,1,1
BRDA:341,5,0,2
BRDA:341,5,1,1
BRDA:395,6,0,2
BRDA:395,6,1,1
BRDA:445,7,0,2
BRDA:445,7,1,1
BRDA:453,8,0,2
BRDA:453,8,1,1
BRDA:496,9,0,2
BRDA:496,9,1,1
BRDA:504,10,0,2
BRDA:504,10,1,1
BRDA:515,11,0,3
BRDA:515,11,1,1
BRDA:624,12,0,3
BRDA:624,12,1,1
BRDA:642,13,0,5
BRDA:642,13,1,4
BRDA:665,14,0,5
BRDA:665,14,1,4
BRDA:701,15,0,8
BRDA:701,15,1,7
BRDA:721,16,0,8
BRDA:721,16,1,7
BRDA:743,17,0,5
BRDA:743,17,1,4
BRDA:789,18,0,5
BRDA:789,18,1,4
BRDA:831,19,0,5
BRDA:831,19,1,4
BRDA:1090,20,0,5
BRDA:1090,20,1,1
BRDA:1090,20,2,0
BRDA:1104,21,0,7
BRDA:1104,21,1,1
BRDA:1104,21,2,0
BRDA:1118,22,0,4
BRDA:1118,22,1,1
BRDA:1118,22,2,0
BRDA:1132,23,0,3
BRDA:1132,23,1,1
BRDA:1132,23,2,0
BRDA:1146,24,0,1
BRDA:1146,24,1,1
BRDA:1146,24,2,0
BRDA:1160,25,0,2
BRDA:1160,25,1,1
BRDA:1160,25,2,0
BRF:58
BRH:52
end_of_record
TN:
SF:C:\Users\Sebastian Velez\Downloads\rias\RIAS front\src\app\layout\adminConfig\crear\mocked.ts
FN:5,(anonymous_6)
FN:762,(anonymous_8)
FN:770,(anonymous_9)
FN:774,(anonymous_10)
FN:778,(anonymous_11)
FN:782,(anonymous_12)
FN:786,(anonymous_13)
FN:794,(anonymous_14)
FNF:8
FNH:8
FNDA:90,(anonymous_6)
FNDA:4,(anonymous_8)
FNDA:1,(anonymous_9)
FNDA:1,(anonymous_10)
FNDA:1,(anonymous_11)
FNDA:3,(anonymous_12)
FNDA:2,(anonymous_13)
FNDA:4,(anonymous_14)
DA:5,89
DA:7,89
DA:369,89
DA:377,89
DA:398,89
DA:762,1
DA:764,1
DA:766,3
DA:770,1
DA:771,1
DA:774,1
DA:775,1
DA:778,1
DA:779,1
DA:782,1
DA:783,3
DA:786,1
DA:788,2
DA:790,0
DA:794,1
DA:795,4
DA:797,1
LF:22
LH:21
BRDA:5,0,0,89
BRDA:5,0,1,89
BRDA:5,0,2,89
BRF:3
BRH:3
end_of_record
TN:
SF:C:\Users\Sebastian Velez\Downloads\rias\RIAS front\src\app\layout\adminConfig\crear\basesDeDatos\basesDeDatos.component.ts
FN:12,BasesComponent
FN:19,(anonymous_4)
FNF:2
FNH:1
FNDA:1,BasesComponent
FNDA:0,(anonymous_4)
DA:10,1
DA:15,1
DA:17,1
DA:19,1
DA:22,1
LF:5
LH:5
BRF:0
BRH:0
end_of_record
TN:
SF:C:\Users\Sebastian Velez\Downloads\rias\RIAS front\src\app\layout\adminConfig\crear\conector\conector.component.ts
FN:11,ConectorComponent
FN:33,(anonymous_4)
FN:51,(anonymous_5)
FN:78,(anonymous_6)
FNF:4
FNH:4
FNDA:11,ConectorComponent
FNDA:2,(anonymous_4)
FNDA:8,(anonymous_5)
FNDA:1,(anonymous_6)
DA:9,1
DA:14,1
DA:15,1
DA:16,1
DA:17,1
DA:18,1
DA:19,1
DA:20,1
DA:21,1
DA:23,11
DA:26,11
DA:28,11
DA:30,11
DA:33,1
DA:34,2
DA:35,2
DA:37,2
DA:38,2
DA:41,1
DA:43,1
DA:47,0
DA:51,1
DA:53,1
DA:54,1
DA:57,1
DA:58,1
DA:61,1
DA:62,1
DA:65,1
DA:66,1
DA:69,1
DA:70,1
DA:73,1
DA:74,1
DA:78,1
DA:81,1
DA:86,1
LF:37
LH:36
BRF:0
BRH:0
end_of_record
TN:
SF:C:\Users\Sebastian Velez\Downloads\rias\RIAS front\src\app\layout\adminConfig\crear\decision\decision.component.ts
FN:12,DecisionComponent
FN:34,(anonymous_4)
FNF:2
FNH:1
FNDA:1,DecisionComponent
FNDA:0,(anonymous_4)
DA:10,1
DA:15,1
DA:16,1
DA:18,1
DA:19,1
DA:20,1
DA:21,1
DA:22,1
DA:23,1
DA:24,1
DA:28,1
DA:34,1
DA:37,1
LF:13
LH:13
BRF:0
BRH:0
end_of_record
TN:
SF:C:\Users\Sebastian Velez\Downloads\rias\RIAS front\src\app\layout\adminConfig\crear\documentos\documentos.component.ts
FN:12,DocumentosComponent
FN:19,(anonymous_4)
FNF:2
FNH:1
FNDA:1,DocumentosComponent
FNDA:0,(anonymous_4)
DA:10,1
DA:15,1
DA:17,1
DA:19,1
DA:22,1
LF:5
LH:5
BRF:0
BRH:0
end_of_record
TN:
SF:C:\Users\Sebastian Velez\Downloads\rias\RIAS front\src\app\layout\adminConfig\crear\entrada\entrada.component.ts
FN:12,EntradaComponent
FN:34,(anonymous_4)
FNF:2
FNH:1
FNDA:1,EntradaComponent
FNDA:0,(anonymous_4)
DA:10,1
DA:15,1
DA:16,1
DA:18,1
DA:19,1
DA:20,1
DA:21,1
DA:22,1
DA:23,1
DA:24,1
DA:28,1
DA:34,1
DA:37,1
LF:13
LH:13
BRF:0
BRH:0
end_of_record
TN:
SF:C:\Users\Sebastian Velez\Downloads\rias\RIAS front\src\app\layout\adminConfig\crear\equivalente\equivalente.component.ts
FN:12,EquivalenteComponent
FN:23,(anonymous_4)
FN:33,(anonymous_5)
FNF:3
FNH:3
FNDA:9,EquivalenteComponent
FNDA:2,(anonymous_4)
FNDA:8,(anonymous_5)
DA:10,1
DA:15,1
DA:16,1
DA:17,1
DA:19,9
DA:23,1
DA:25,1
DA:26,1
DA:28,1
DA:29,1
DA:33,1
DA:36,1
DA:41,1
DA:46,1
DA:51,1
DA:56,1
DA:61,1
DA:66,1
DA:71,1
LF:19
LH:19
BRF:0
BRH:0
end_of_record
TN:
SF:C:\Users\Sebastian Velez\Downloads\rias\RIAS front\src\app\layout\adminConfig\crear\hito\hito.component.ts
FN:12,HitoComponent
FN:19,(anonymous_4)
FNF:2
FNH:1
FNDA:1,HitoComponent
FNDA:0,(anonymous_4)
DA:10,1
DA:15,1
DA:17,1
DA:19,1
DA:21,1
LF:5
LH:5
BRF:0
BRH:0
end_of_record
TN:
SF:C:\Users\Sebastian Velez\Downloads\rias\RIAS front\src\app\layout\adminConfig\crear\intervencion\intervencion.component.ts
FN:12,IntervencionComponent
FN:34,(anonymous_4)
FNF:2
FNH:1
FNDA:6,IntervencionComponent
FNDA:0,(anonymous_4)
DA:10,1
DA:15,1
DA:16,1
DA:18,6
DA:19,6
DA:20,6
DA:21,6
DA:22,6
DA:23,6
DA:24,6
DA:28,6
DA:34,1
DA:36,1
LF:13
LH:13
BRF:0
BRH:0
end_of_record
TN:
SF:C:\Users\Sebastian Velez\Downloads\rias\RIAS front\src\app\layout\adminConfig\crear\remision\remision.component.ts
FN:12,RemisionComponent
FN:20,(anonymous_4)
FN:24,(anonymous_5)
FN:25,(anonymous_6)
FN:34,(anonymous_7)
FN:37,(anonymous_8)
FNF:6
FNH:6
FNDA:2,RemisionComponent
FNDA:1,(anonymous_4)
FNDA:1,(anonymous_5)
FNDA:1,(anonymous_6)
FNDA:1,(anonymous_7)
FNDA:1,(anonymous_8)
DA:10,1
DA:12,2
DA:15,1
DA:17,2
DA:18,2
DA:20,1
DA:21,1
DA:24,1
DA:25,1
DA:28,1
DA:34,1
DA:35,1
DA:38,1
DA:41,1
DA:47,1
LF:15
LH:15
BRF:0
BRH:0
end_of_record
TN:
SF:C:\Users\Sebastian Velez\Downloads\rias\RIAS front\src\app\layout\ejecucion\ejecucion.component.ts
FN:15,EjecucionComponent
FN:24,(anonymous_4)
FN:32,(anonymous_5)
FN:35,(anonymous_6)
FN:37,(anonymous_7)
FN:43,(anonymous_8)
FN:46,(anonymous_9)
FN:48,(anonymous_10)
FN:51,(anonymous_11)
FN:53,(anonymous_12)
FN:61,(anonymous_13)
FN:64,(anonymous_14)
FN:66,(anonymous_15)
FN:69,(anonymous_16)
FN:71,(anonymous_17)
FNF:15
FNH:8
FNDA:4,EjecucionComponent
FNDA:1,(anonymous_4)
FNDA:1,(anonymous_5)
FNDA:1,(anonymous_6)
FNDA:0,(anonymous_7)
FNDA:1,(anonymous_8)
FNDA:1,(anonymous_9)
FNDA:0,(anonymous_10)
FNDA:0,(anonymous_11)
FNDA:0,(anonymous_12)
FNDA:1,(anonymous_13)
FNDA:1,(anonymous_14)
FNDA:0,(anonymous_15)
FNDA:0,(anonymous_16)
FNDA:0,(anonymous_17)
DA:12,1
DA:15,4
DA:16,4
DA:24,1
DA:27,1
DA:28,1
DA:32,1
DA:33,1
DA:36,1
DA:38,0
DA:43,1
DA:44,1
DA:47,1
DA:49,0
DA:52,0
DA:54,0
DA:61,1
DA:62,1
DA:65,1
DA:67,0
DA:70,0
DA:72,0
DA:79,1
LF:23
LH:16
BRF:0
BRH:0
end_of_record
TN:
SF:C:\Users\Sebastian Velez\Downloads\rias\RIAS front\src\app\layout\ejecucion\mocked.ts
FN:5,(anonymous_6)
FN:9,(anonymous_8)
FN:13,(anonymous_9)
FN:17,(anonymous_10)
FN:25,(anonymous_11)
FN:29,(anonymous_12)
FN:33,(anonymous_13)
FN:37,(anonymous_14)
FN:41,(anonymous_15)
FN:45,(anonymous_16)
FN:50,(anonymous_17)
FN:54,(anonymous_18)
FNF:12
FNH:9
FNDA:33,(anonymous_6)
FNDA:2,(anonymous_8)
FNDA:1,(anonymous_9)
FNDA:2,(anonymous_10)
FNDA:0,(anonymous_11)
FNDA:0,(anonymous_12)
FNDA:0,(anonymous_13)
FNDA:5,(anonymous_14)
FNDA:4,(anonymous_15)
FNDA:2,(anonymous_16)
FNDA:3,(anonymous_17)
FNDA:1,(anonymous_18)
DA:5,1
DA:9,1
DA:10,2
DA:13,1
DA:14,1
DA:17,1
DA:19,1
DA:21,1
DA:25,1
DA:26,0
DA:29,1
DA:30,0
DA:33,1
DA:34,0
DA:37,1
DA:38,5
DA:41,1
DA:42,4
DA:45,1
DA:46,2
DA:50,1
DA:51,3
DA:54,1
DA:55,1
DA:57,1
LF:25
LH:22
BRF:0
BRH:0
end_of_record
TN:
SF:C:\Users\Sebastian Velez\Downloads\rias\RIAS front\src\app\layout\ejecucion\paciente\paciente.component.ts
FN:36,PacienteComponent
FN:45,(anonymous_4)
FN:62,(anonymous_5)
FN:63,(anonymous_6)
FN:71,(anonymous_7)
FN:83,(anonymous_8)
FN:84,(anonymous_9)
FN:93,(anonymous_10)
FN:98,(anonymous_11)
FN:102,(anonymous_12)
FN:103,(anonymous_13)
FN:109,(anonymous_14)
FN:112,(anonymous_15)
FN:130,(anonymous_16)
FN:133,(anonymous_17)
FN:151,(anonymous_18)
FN:152,(anonymous_19)
FNF:17
FNH:16
FNDA:13,PacienteComponent
FNDA:2,(anonymous_4)
FNDA:2,(anonymous_5)
FNDA:0,(anonymous_6)
FNDA:2,(anonymous_7)
FNDA:1,(anonymous_8)
FNDA:1,(anonymous_9)
FNDA:1,(anonymous_10)
FNDA:1,(anonymous_11)
FNDA:1,(anonymous_12)
FNDA:1,(anonymous_13)
FNDA:2,(anonymous_14)
FNDA:2,(anonymous_15)
FNDA:2,(anonymous_16)
FNDA:2,(anonymous_17)
FNDA:1,(anonymous_18)
FNDA:1,(anonymous_19)
DA:13,1
DA:14,13
DA:16,13
DA:17,13
DA:27,13
DA:28,13
DA:29,13
DA:30,13
DA:31,13
DA:32,13
DA:33,13
DA:36,13
DA:37,13
DA:38,13
DA:45,1
DA:47,1
DA:48,1
DA:49,1
DA:50,1
DA:51,1
DA:52,1
DA:53,1
DA:54,0
DA:55,0
DA:57,1
DA:58,1
DA:62,2
DA:63,2
DA:64,0
DA:66,0
DA:71,1
DA:73,1
DA:74,1
DA:76,1
DA:77,1
DA:80,1
DA:83,1
DA:84,1
DA:86,1
DA:93,1
DA:94,1
DA:98,1
DA:99,1
DA:102,1
DA:103,1
DA:104,1
DA:105,1
DA:109,2
DA:110,2
DA:113,2
DA:114,2
DA:116,2
DA:119,1
DA:120,1
DA:124,1
DA:130,2
DA:131,2
DA:134,2
DA:135,2
DA:137,2
DA:138,2
DA:139,2
DA:151,1
DA:152,1
DA:153,1
DA:157,1
LF:66
LH:62
BRF:0
BRH:0
end_of_record
TN:
SF:C:\Users\Sebastian Velez\Downloads\rias\RIAS front\src\app\layout\ejecucion\paciente\ingresar\ingresar.component.ts
FN:21,IngresarComponent
FN:25,(anonymous_4)
FN:36,(anonymous_5)
FN:39,(anonymous_6)
FN:50,(anonymous_7)
FN:51,(anonymous_8)
FN:59,(anonymous_9)
FN:60,(anonymous_10)
FN:66,(anonymous_11)
FN:70,(anonymous_12)
FN:73,(anonymous_13)
FNF:11
FNH:10
FNDA:6,IngresarComponent
FNDA:2,(anonymous_4)
FNDA:2,(anonymous_5)
FNDA:2,(anonymous_6)
FNDA:1,(anonymous_7)
FNDA:1,(anonymous_8)
FNDA:1,(anonymous_9)
FNDA:1,(anonymous_10)
FNDA:1,(anonymous_11)
FNDA:1,(anonymous_12)
FNDA:0,(anonymous_13)
DA:12,1
DA:15,6
DA:16,6
DA:21,6
DA:25,1
DA:27,1
DA:28,1
DA:29,1
DA:31,1
DA:32,1
DA:36,2
DA:37,2
DA:40,2
DA:43,2
DA:50,1
DA:51,1
DA:53,1
DA:54,1
DA:59,1
DA:60,1
DA:61,1
DA:62,1
DA:66,1
DA:67,1
DA:68,1
DA:71,1
DA:72,1
DA:74,0
DA:79,1
LF:29
LH:28
BRF:0
BRH:0
end_of_record
TN:
SF:C:\Users\Sebastian Velez\Downloads\rias\RIAS front\src\app\layout\ejecucion\paciente\posicion\posicion.component.ts
FN:53,PosicionComponent
FN:61,(anonymous_4)
FN:105,(anonymous_5)
FN:108,(anonymous_6)
FN:117,(anonymous_7)
FN:125,(anonymous_8)
FN:139,(anonymous_9)
FN:146,(anonymous_10)
FN:149,(anonymous_11)
FN:155,(anonymous_12)
FN:158,(anonymous_13)
FN:167,(anonymous_14)
FN:173,(anonymous_15)
FN:177,(anonymous_16)
FN:180,(anonymous_17)
FN:186,(anonymous_18)
FN:190,(anonymous_19)
FN:201,(anonymous_20)
FN:204,(anonymous_21)
FN:213,(anonymous_22)
FNF:20
FNH:17
FNDA:8,PosicionComponent
FNDA:2,(anonymous_4)
FNDA:1,(anonymous_5)
FNDA:1,(anonymous_6)
FNDA:1,(anonymous_7)
FNDA:1,(anonymous_8)
FNDA:1,(anonymous_9)
FNDA:1,(anonymous_10)
FNDA:1,(anonymous_11)
FNDA:1,(anonymous_12)
FNDA:1,(anonymous_13)
FNDA:0,(anonymous_14)
FNDA:1,(anonymous_15)
FNDA:1,(anonymous_16)
FNDA:0,(anonymous_17)
FNDA:2,(anonymous_18)
FNDA:2,(anonymous_19)
FNDA:2,(anonymous_20)
FNDA:2,(anonymous_21)
FNDA:0,(anonymous_22)
DA:13,1
DA:27,8
DA:31,8
DA:32,8
DA:37,8
DA:41,8
DA:49,8
DA:53,8
DA:54,8
DA:55,8
DA:61,1
DA:63,1
DA:64,1
DA:65,1
DA:66,1
DA:67,1
DA:68,0
DA:69,0
DA:70,0
DA:71,0
DA:72,0
DA:73,0
DA:74,0
DA:76,0
DA:77,0
DA:79,0
DA:80,0
DA:82,0
DA:83,0
DA:84,0
DA:85,0
DA:87,0
DA:90,0
DA:93,0
DA:96,0
DA:98,0
DA:100,1
DA:101,1
DA:105,1
DA:106,1
DA:109,1
DA:111,0
DA:113,1
DA:115,1
DA:119,1
DA:120,1
DA:123,1
DA:127,1
DA:128,1
DA:139,1
DA:140,1
DA:141,1
DA:142,1
DA:143,1
DA:146,1
DA:147,1
DA:150,1
DA:151,1
DA:152,1
DA:153,1
DA:156,1
DA:160,1
DA:161,1
DA:162,1
DA:168,0
DA:173,1
DA:174,1
DA:175,1
DA:178,1
DA:179,1
DA:181,0
DA:186,2
DA:187,2
DA:188,2
DA:191,2
DA:193,1
DA:194,1
DA:196,1
DA:197,1
DA:199,2
DA:202,2
DA:206,2
DA:207,2
DA:208,2
DA:214,0
DA:218,1
LF:86
LH:62
BRF:0
BRH:0
end_of_record
TN:
SF:C:\Users\Sebastian Velez\Downloads\rias\RIAS front\src\app\layout\ejecucion\paciente\siguientes\siguientes.component.ts
FN:24,SiguientesComponent
FN:31,(anonymous_4)
FN:46,(anonymous_5)
FN:49,(anonymous_6)
FN:59,(anonymous_7)
FN:66,(anonymous_8)
FN:69,(anonymous_9)
FNF:7
FNH:0
FNDA:0,SiguientesComponent
FNDA:0,(anonymous_4)
FNDA:0,(anonymous_5)
FNDA:0,(anonymous_6)
FNDA:0,(anonymous_7)
FNDA:0,(anonymous_8)
FNDA:0,(anonymous_9)
DA:13,1
DA:19,0
DA:22,0
DA:24,0
DA:25,0
DA:26,0
DA:31,1
DA:33,0
DA:34,0
DA:35,0
DA:36,0
DA:37,0
DA:38,0
DA:39,0
DA:41,0
DA:42,0
DA:46,1
DA:47,0
DA:50,0
DA:52,0
DA:59,1
DA:61,0
DA:64,0
DA:67,0
DA:68,0
DA:70,0
DA:75,1
LF:27
LH:5
BRF:0
BRH:0
end_of_record
TN:
SF:C:\Users\Sebastian Velez\Downloads\rias\RIAS front\src\app\services\admin.service.ts
FN:9,AdminService
FN:11,(anonymous_4)
FN:16,(anonymous_5)
FN:20,(anonymous_6)
FN:24,(anonymous_7)
FN:29,(anonymous_8)
FN:34,(anonymous_9)
FN:38,(anonymous_10)
FNF:8
FNH:8
FNDA:90,AdminService
FNDA:1,(anonymous_4)
FNDA:1,(anonymous_5)
FNDA:1,(anonymous_6)
FNDA:1,(anonymous_7)
FNDA:1,(anonymous_8)
FNDA:1,(anonymous_9)
FNDA:1,(anonymous_10)
DA:7,1
DA:9,90
DA:11,1
DA:12,1
DA:13,1
DA:16,1
DA:17,1
DA:20,1
DA:21,1
DA:24,1
DA:25,1
DA:26,1
DA:29,1
DA:30,1
DA:31,1
DA:34,1
DA:35,1
DA:38,1
DA:39,1
DA:40,1
DA:42,1
LF:21
LH:21
BRF:0
BRH:0
end_of_record
TN:
SF:C:\Users\Sebastian Velez\Downloads\rias\RIAS front\src\app\services\ejecucion.service.ts
FN:9,EjecucionService
FN:11,(anonymous_4)
FN:15,(anonymous_5)
FN:19,(anonymous_6)
FN:23,(anonymous_7)
FN:27,(anonymous_8)
FN:31,(anonymous_9)
FN:36,(anonymous_10)
FN:42,(anonymous_11)
FN:47,(anonymous_12)
FN:54,(anonymous_13)
FN:59,(anonymous_14)
FNF:12
FNH:12
FNDA:33,EjecucionService
FNDA:2,(anonymous_4)
FNDA:1,(anonymous_5)
FNDA:1,(anonymous_6)
FNDA:1,(anonymous_7)
FNDA:1,(anonymous_8)
FNDA:1,(anonymous_9)
FNDA:1,(anonymous_10)
FNDA:1,(anonymous_11)
FNDA:1,(anonymous_12)
FNDA:1,(anonymous_13)
FNDA:1,(anonymous_14)
DA:7,1
DA:9,33
DA:11,1
DA:12,2
DA:15,1
DA:16,1
DA:19,1
DA:20,1
DA:23,1
DA:24,1
DA:27,1
DA:28,1
DA:31,1
DA:32,1
DA:36,1
DA:37,1
DA:38,1
DA:42,1
DA:43,1
DA:47,1
DA:48,1
DA:49,1
DA:54,1
DA:55,1
DA:59,1
DA:60,1
DA:61,1
DA:64,1
LF:28
LH:28
BRF:0
BRH:0
end_of_record
TN:
SF:C:\Users\Sebastian Velez\Downloads\rias\RIAS front\src\app\shared\modules\stat\stat.component.ts
FN:15,StatComponent
FN:17,(anonymous_4)
FNF:2
FNH:0
FNDA:0,StatComponent
FNDA:0,(anonymous_4)
DA:8,1
DA:9,1
DA:10,1
DA:11,1
DA:12,1
DA:13,1
DA:17,1
DA:18,1
LF:8
LH:8
BRF:0
BRH:0
end_of_record
TN:
SF:C:\Users\Sebastian Velez\Downloads\rias\RIAS front\src\app\shared\modules\stat\stat.module.ts
FN:12,StatModule
FNF:1
FNH:1
FNDA:1,StatModule
DA:12,1
LF:1
LH:1
BRF:0
BRH:0
end_of_record
